# JRE version: OpenJDK Runtime Environment (8.0_242-b01) (build 1.8.0_242-release-1644-b01)
# Java VM: OpenJDK 64-Bit Server VM (25.242-b01 mixed mode windows-amd64 compressed oops)
Heap:
 PSYoungGen      total 660992K, used 619941K [0x00000000d5580000, 0x00000000ffc00000, 0x0000000100000000)
  eden space 632320K, 96% used [0x00000000d5580000,0x00000000fa70a150,0x00000000fbf00000)
  from space 28672K, 42% used [0x00000000fe000000,0x00000000febdf488,0x00000000ffc00000)
  to   space 31232K, 0% used [0x00000000fbf00000,0x00000000fbf00000,0x00000000fdd80000)
 ParOldGen       total 305152K, used 184736K [0x0000000080000000, 0x0000000092a00000, 0x00000000d5580000)
  object space 305152K, 60% used [0x0000000080000000,0x000000008b468080,0x0000000092a00000)
 Metaspace       used 118068K, capacity 124668K, committed 125120K, reserved 1157120K
  class space    used 15219K, capacity 16482K, committed 16640K, reserved 1048576K
GC Heap History (10 events):
Event: 873.961 GC heap before
{Heap before GC invocations=41 (full 5):
 PSYoungGen      total 462848K, used 438598K [0x00000000d5580000, 0x00000000f8f00000, 0x0000000100000000)
  eden space 429056K, 100% used [0x00000000d5580000,0x00000000ef880000,0x00000000ef880000)
  from space 33792K, 28% used [0x00000000ef880000,0x00000000f01d1990,0x00000000f1980000)
  to   space 32768K, 0% used [0x00000000f6f00000,0x00000000f6f00000,0x00000000f8f00000)
 ParOldGen       total 305152K, used 151911K [0x0000000080000000, 0x0000000092a00000, 0x00000000d5580000)
  object space 305152K, 49% used [0x0000000080000000,0x0000000089459c40,0x0000000092a00000)
 Metaspace       used 106597K, capacity 112158K, committed 113984K, reserved 1148928K
  class space    used 13896K, capacity 14982K, committed 15488K, reserved 1048576K
Event: 873.977 GC heap after
Heap after GC invocations=41 (full 5):
 PSYoungGen      total 544256K, used 7115K [0x00000000d5580000, 0x00000000f8b80000, 0x0000000100000000)
  eden space 515072K, 0% used [0x00000000d5580000,0x00000000d5580000,0x00000000f4c80000)
  from space 29184K, 24% used [0x00000000f6f00000,0x00000000f75f2c08,0x00000000f8b80000)
  to   space 32256K, 0% used [0x00000000f4c80000,0x00000000f4c80000,0x00000000f6c00000)
 ParOldGen       total 305152K, used 159921K [0x0000000080000000, 0x0000000092a00000, 0x00000000d5580000)
  object space 305152K, 52% used [0x0000000080000000,0x0000000089c2c7e8,0x0000000092a00000)
 Metaspace       used 106597K, capacity 112158K, committed 113984K, reserved 1148928K
  class space    used 13896K, capacity 14982K, committed 15488K, reserved 1048576K
}
Event: 875.281 GC heap before
{Heap before GC invocations=42 (full 5):
 PSYoungGen      total 544256K, used 522187K [0x00000000d5580000, 0x00000000f8b80000, 0x0000000100000000)
  eden space 515072K, 100% used [0x00000000d5580000,0x00000000f4c80000,0x00000000f4c80000)
  from space 29184K, 24% used [0x00000000f6f00000,0x00000000f75f2c08,0x00000000f8b80000)
  to   space 32256K, 0% used [0x00000000f4c80000,0x00000000f4c80000,0x00000000f6c00000)
 ParOldGen       total 305152K, used 159921K [0x0000000080000000, 0x0000000092a00000, 0x00000000d5580000)
  object space 305152K, 52% used [0x0000000080000000,0x0000000089c2c7e8,0x0000000092a00000)
 Metaspace       used 106642K, capacity 112236K, committed 114240K, reserved 1148928K
  class space    used 13897K, capacity 14983K, committed 15488K, reserved 1048576K
Event: 875.303 GC heap after
Heap after GC invocations=42 (full 5):
 PSYoungGen      total 547328K, used 9078K [0x00000000d5580000, 0x00000000fe980000, 0x0000000100000000)
  eden space 515072K, 0% used [0x00000000d5580000,0x00000000d5580000,0x00000000f4c80000)
  from space 32256K, 28% used [0x00000000f4c80000,0x00000000f555da78,0x00000000f6c00000)
  to   space 30720K, 0% used [0x00000000fcb80000,0x00000000fcb80000,0x00000000fe980000)
 ParOldGen       total 305152K, used 165055K [0x0000000080000000, 0x0000000092a00000, 0x00000000d5580000)
  object space 305152K, 54% used [0x0000000080000000,0x000000008a12fe40,0x0000000092a00000)
 Metaspace       used 106642K, capacity 112236K, committed 114240K, reserved 1148928K
  class space    used 13897K, capacity 14983K, committed 15488K, reserved 1048576K
}
Event: 877.012 GC heap before
{Heap before GC invocations=43 (full 5):
 PSYoungGen      total 547328K, used 524150K [0x00000000d5580000, 0x00000000fe980000, 0x0000000100000000)
  eden space 515072K, 100% used [0x00000000d5580000,0x00000000f4c80000,0x00000000f4c80000)
  from space 32256K, 28% used [0x00000000f4c80000,0x00000000f555da78,0x00000000f6c00000)
  to   space 30720K, 0% used [0x00000000fcb80000,0x00000000fcb80000,0x00000000fe980000)
 ParOldGen       total 305152K, used 165055K [0x0000000080000000, 0x0000000092a00000, 0x00000000d5580000)
  object space 305152K, 54% used [0x0000000080000000,0x000000008a12fe40,0x0000000092a00000)
 Metaspace       used 106710K, capacity 112304K, committed 114240K, reserved 1148928K
  class space    used 13897K, capacity 14983K, committed 15488K, reserved 1048576K
Event: 877.051 GC heap after
Heap after GC invocations=43 (full 5):
 PSYoungGen      total 642048K, used 25632K [0x00000000d5580000, 0x00000000fed80000, 0x0000000100000000)
  eden space 611328K, 0% used [0x00000000d5580000,0x00000000d5580000,0x00000000faa80000)
  from space 30720K, 83% used [0x00000000fcb80000,0x00000000fe4880b0,0x00000000fe980000)
  to   space 33792K, 0% used [0x00000000faa80000,0x00000000faa80000,0x00000000fcb80000)
 ParOldGen       total 305152K, used 171140K [0x0000000080000000, 0x0000000092a00000, 0x00000000d5580000)
  object space 305152K, 56% used [0x0000000080000000,0x000000008a7213f8,0x0000000092a00000)
 Metaspace       used 106710K, capacity 112304K, committed 114240K, reserved 1148928K
  class space    used 13897K, capacity 14983K, committed 15488K, reserved 1048576K
}
Event: 878.834 GC heap before
{Heap before GC invocations=44 (full 5):
 PSYoungGen      total 642048K, used 636960K [0x00000000d5580000, 0x00000000fed80000, 0x0000000100000000)
  eden space 611328K, 100% used [0x00000000d5580000,0x00000000faa80000,0x00000000faa80000)
  from space 30720K, 83% used [0x00000000fcb80000,0x00000000fe4880b0,0x00000000fe980000)
  to   space 33792K, 0% used [0x00000000faa80000,0x00000000faa80000,0x00000000fcb80000)
 ParOldGen       total 305152K, used 171140K [0x0000000080000000, 0x0000000092a00000, 0x00000000d5580000)
  object space 305152K, 56% used [0x0000000080000000,0x000000008a7213f8,0x0000000092a00000)
 Metaspace       used 106733K, capacity 112318K, committed 114240K, reserved 1148928K
  class space    used 13898K, capacity 14984K, committed 15488K, reserved 1048576K
Event: 878.864 GC heap after
Heap after GC invocations=44 (full 5):
 PSYoungGen      total 645120K, used 16717K [0x00000000d5580000, 0x0000000100000000, 0x0000000100000000)
  eden space 611328K, 0% used [0x00000000d5580000,0x00000000d5580000,0x00000000faa80000)
  from space 33792K, 49% used [0x00000000faa80000,0x00000000fbad3690,0x00000000fcb80000)
  to   space 32768K, 0% used [0x00000000fe000000,0x00000000fe000000,0x0000000100000000)
 ParOldGen       total 305152K, used 181485K [0x0000000080000000, 0x0000000092a00000, 0x00000000d5580000)
  object space 305152K, 59% used [0x0000000080000000,0x000000008b13b588,0x0000000092a00000)
 Metaspace       used 106733K, capacity 112318K, committed 114240K, reserved 1148928K
  class space    used 13898K, capacity 14984K, committed 15488K, reserved 1048576K
}
Event: 1116.188 GC heap before
{Heap before GC invocations=45 (full 5):
 PSYoungGen      total 645120K, used 628045K [0x00000000d5580000, 0x0000000100000000, 0x0000000100000000)
  eden space 611328K, 100% used [0x00000000d5580000,0x00000000faa80000,0x00000000faa80000)
  from space 33792K, 49% used [0x00000000faa80000,0x00000000fbad3690,0x00000000fcb80000)
  to   space 32768K, 0% used [0x00000000fe000000,0x00000000fe000000,0x0000000100000000)
 ParOldGen       total 305152K, used 181485K [0x0000000080000000, 0x0000000092a00000, 0x00000000d5580000)
  object space 305152K, 59% used [0x0000000080000000,0x000000008b13b588,0x0000000092a00000)
 Metaspace       used 111068K, capacity 117300K, committed 117952K, reserved 1150976K
  class space    used 14372K, capacity 15591K, committed 15872K, reserved 1048576K
Event: 1116.201 GC heap after
Heap after GC invocations=45 (full 5):
 PSYoungGen      total 660992K, used 12157K [0x00000000d5580000, 0x00000000ffc00000, 0x0000000100000000)
  eden space 632320K, 0% used [0x00000000d5580000,0x00000000d5580000,0x00000000fbf00000)
  from space 28672K, 42% used [0x00000000fe000000,0x00000000febdf488,0x00000000ffc00000)
  to   space 31232K, 0% used [0x00000000fbf00000,0x00000000fbf00000,0x00000000fdd80000)
 ParOldGen       total 305152K, used 184736K [0x0000000080000000, 0x0000000092a00000, 0x00000000d5580000)
  object space 305152K, 60% used [0x0000000080000000,0x000000008b468080,0x0000000092a00000)
 Metaspace       used 111068K, capacity 117300K, committed 117952K, reserved 1150976K
  class space    used 14372K, capacity 15591K, committed 15872K, reserved 1048576K
}

